<?xml version="1.0" encoding="UTF-8"?>
<!-- Generated by org.testng.reporters.JUnitReportReporter -->
<testsuite hostname="PCNiTro5" failures="0" tests="6" name="com.example.TestDemo" time="0.084" errors="0" timestamp="2024-06-04T12:37:22 ICT" skipped="0">
  <testcase classname="com.example.TestDemo" name="testIsPrimeNumber6" time="0.017"/>
  <testcase classname="com.example.TestDemo" name="testIsPrimeNumber2" time="0.013"/>
  <testcase classname="com.example.TestDemo" name="testIsPrimeNumber3" time="0.012"/>
  <testcase classname="com.example.TestDemo" name="testIsPrimeNumber1" time="0.012"/>
  <testcase classname="com.example.TestDemo" name="testIsPrimeNumber4" time="0.014"/>
  <testcase classname="com.example.TestDemo" name="testIsPrimeNumber5" time="0.016"/>
</testsuite> <!-- com.example.TestDemo -->
