<?xml version="1.0" encoding="UTF-8"?>
<!-- Generated by org.testng.reporters.JUnitReportReporter -->
<testsuite hostname="PCNiTro5" failures="0" tests="3" name="com.example.TestPasswordValidator" time="0.032" errors="0" timestamp="2024-06-04T12:37:22 ICT" skipped="0">
  <testcase classname="com.example.TestPasswordValidator" name="testIsPasswordTooLong" time="0.008"/>
  <testcase classname="com.example.TestPasswordValidator" name="testIsPasswordNotStrong" time="0.013"/>
  <testcase classname="com.example.TestPasswordValidator" name="testIsPasswordStrong" time="0.011"/>
</testsuite> <!-- com.example.TestPasswordValidator -->
