<?xml version="1.0" encoding="UTF-8"?>
<!-- Generated by org.testng.reporters.JUnitReportReporter -->
<testsuite hostname="PCNiTro5" failures="0" tests="1" name="com.example.AppTest" time="0.017" errors="0" timestamp="2024-06-04T12:37:22 ICT" skipped="0">
  <testcase classname="com.example.AppTest" name="shouldAnswerWithTrue" time="0.017"/>
</testsuite> <!-- com.example.AppTest -->
