<?xml version="1.0" encoding="UTF-8"?>
<!-- Generated by org.testng.reporters.JUnitReportReporter -->
<testsuite hostname="PCNiTro5" failures="0" tests="12" name="com.example.AssertTests" time="0.400" errors="0" timestamp="2024-06-04T12:37:22 ICT" skipped="0">
  <testcase classname="com.example.AssertTests" name="testAssertSame" time="0.053"/>
  <testcase classname="com.example.AssertTests" name="testAssertEquals" time="0.036"/>
  <testcase classname="com.example.AssertTests" name="testAssertThatBothContainsString" time="0.034"/>
  <testcase classname="com.example.AssertTests" name="testAssertFalse" time="0.030"/>
  <testcase classname="com.example.AssertTests" name="testAssertNotSame" time="0.004"/>
  <testcase classname="com.example.AssertTests" name="testAssertTrue" time="0.054"/>
  <testcase classname="com.example.AssertTests" name="testAssertNotNull" time="0.004"/>
  <testcase classname="com.example.AssertTests" name="testAssertArrayEquals" time="0.038"/>
  <testcase classname="com.example.AssertTests" name="testAssertThatEveryItemContainsString" time="0.026"/>
  <testcase classname="com.example.AssertTests" name="testAssertThatHamcrestCoreMatchers" time="0.050"/>
  <testcase classname="com.example.AssertTests" name="testAssertThatHasItems" time="0.019"/>
  <testcase classname="com.example.AssertTests" name="testAssertNull" time="0.052"/>
</testsuite> <!-- com.example.AssertTests -->
